<?xml version="1.0" encoding="UTF-8"?>
<testng-results ignored="0" total="1" passed="1" failed="0" skipped="0">
  <reporter-output>
  </reporter-output>
  <suite started-at="2023-11-14T15:01:44 EET" name="Default suite" finished-at="2023-11-14T15:01:51 EET" duration-ms="7208">
    <groups>
    </groups>
    <test started-at="2023-11-14T15:01:44 EET" name="Default test" finished-at="2023-11-14T15:01:51 EET" duration-ms="7208">
      <class name="testr.Classtow">
        <test-method is-config="true" signature="setUp()[pri:0, instance:testr.Classtow@3e34ace1]" started-at="2023-11-14T15:01:44 EET" name="setUp" finished-at="2023-11-14T15:01:46 EET" duration-ms="2269" status="PASS">
          <reporter-output>
          </reporter-output>
        </test-method> <!-- setUp -->
        <test-method signature="myTest()[pri:0, instance:testr.Classtow@3e34ace1]" started-at="2023-11-14T15:01:46 EET" name="myTest" finished-at="2023-11-14T15:01:51 EET" duration-ms="4872" status="PASS">
          <reporter-output>
          </reporter-output>
        </test-method> <!-- myTest -->
        <test-method is-config="true" signature="postTest()[pri:0, instance:testr.Classtow@3e34ace1]" started-at="2023-11-14T15:01:51 EET" name="postTest" finished-at="2023-11-14T15:01:51 EET" duration-ms="1" status="PASS">
          <reporter-output>
          </reporter-output>
        </test-method> <!-- postTest -->
      </class> <!-- testr.Classtow -->
    </test> <!-- Default test -->
  </suite> <!-- Default suite -->
</testng-results>
